{"C:\\Users\\Ama Ghana\\Desktop\\AMALITECH PROJECTS\\character-counter\\js\\functions.js": {"path":"C:\\Users\\Ama Ghana\\Desktop\\AMALITECH PROJECTS\\character-counter\\js\\functions.js","statementMap":{"0":{"start":{"line":2,"column":2},"end":{"line":2,"column":64}},"1":{"start":{"line":6,"column":16},"end":{"line":6,"column":45}},"2":{"start":{"line":7,"column":2},"end":{"line":7,"column":34}},"3":{"start":{"line":11,"column":20},"end":{"line":11,"column":48}},"4":{"start":{"line":12,"column":2},"end":{"line":12,"column":42}},"5":{"start":{"line":16,"column":15},"end":{"line":16,"column":17}},"6":{"start":{"line":17,"column":18},"end":{"line":17,"column":59}},"7":{"start":{"line":18,"column":2},"end":{"line":20,"column":3}},"8":{"start":{"line":19,"column":4},"end":{"line":19,"column":39}},"9":{"start":{"line":21,"column":2},"end":{"line":21,"column":41}},"10":{"start":{"line":25,"column":16},"end":{"line":25,"column":34}},"11":{"start":{"line":26,"column":2},"end":{"line":26,"column":32}},"12":{"start":{"line":30,"column":26},"end":{"line":30,"column":52}},"13":{"start":{"line":31,"column":2},"end":{"line":31,"column":40}},"14":{"start":{"line":33,"column":17},"end":{"line":33,"column":65}},"15":{"start":{"line":33,"column":53},"end":{"line":33,"column":64}},"16":{"start":{"line":34,"column":24},"end":{"line":34,"column":68}},"17":{"start":{"line":36,"column":2},"end":{"line":52,"column":5}},"18":{"start":{"line":37,"column":23},"end":{"line":37,"column":73}},"19":{"start":{"line":38,"column":24},"end":{"line":38,"column":53}},"20":{"start":{"line":39,"column":4},"end":{"line":39,"column":41}},"21":{"start":{"line":40,"column":4},"end":{"line":50,"column":6}},"22":{"start":{"line":51,"column":4},"end":{"line":51,"column":52}},"23":{"start":{"line":54,"column":2},"end":{"line":54,"column":79}},"24":{"start":{"line":55,"column":2},"end":{"line":55,"column":59}},"25":{"start":{"line":59,"column":2},"end":{"line":78,"column":5}},"26":{"start":{"line":60,"column":4},"end":{"line":60,"column":50}},"27":{"start":{"line":61,"column":4},"end":{"line":61,"column":42}},"28":{"start":{"line":62,"column":4},"end":{"line":62,"column":51}},"29":{"start":{"line":64,"column":4},"end":{"line":77,"column":22}},"30":{"start":{"line":65,"column":22},"end":{"line":65,"column":33}},"31":{"start":{"line":67,"column":6},"end":{"line":75,"column":7}},"32":{"start":{"line":68,"column":8},"end":{"line":68,"column":54}},"33":{"start":{"line":69,"column":8},"end":{"line":69,"column":47}},"34":{"start":{"line":70,"column":8},"end":{"line":70,"column":55}},"35":{"start":{"line":72,"column":8},"end":{"line":72,"column":46}},"36":{"start":{"line":73,"column":8},"end":{"line":73,"column":55}},"37":{"start":{"line":74,"column":8},"end":{"line":74,"column":102}},"38":{"start":{"line":76,"column":6},"end":{"line":76,"column":16}}},"fnMap":{"0":{"name":"getCharCount","decl":{"start":{"line":1,"column":16},"end":{"line":1,"column":28}},"loc":{"start":{"line":1,"column":44},"end":{"line":3,"column":1}},"line":1},"1":{"name":"getWordCount","decl":{"start":{"line":5,"column":16},"end":{"line":5,"column":28}},"loc":{"start":{"line":5,"column":35},"end":{"line":8,"column":1}},"line":5},"2":{"name":"getSentenceCount","decl":{"start":{"line":10,"column":16},"end":{"line":10,"column":32}},"loc":{"start":{"line":10,"column":39},"end":{"line":13,"column":1}},"line":10},"3":{"name":"getLetterFrequencies","decl":{"start":{"line":15,"column":16},"end":{"line":15,"column":36}},"loc":{"start":{"line":15,"column":43},"end":{"line":22,"column":1}},"line":15},"4":{"name":"estimateReadingTime","decl":{"start":{"line":24,"column":16},"end":{"line":24,"column":35}},"loc":{"start":{"line":24,"column":42},"end":{"line":27,"column":1}},"line":24},"5":{"name":"updateLetterDensity","decl":{"start":{"line":29,"column":16},"end":{"line":29,"column":35}},"loc":{"start":{"line":29,"column":107},"end":{"line":56,"column":1}},"line":29},"6":{"name":"(anonymous_6)","decl":{"start":{"line":33,"column":43},"end":{"line":33,"column":44}},"loc":{"start":{"line":33,"column":53},"end":{"line":33,"column":64}},"line":33},"7":{"name":"(anonymous_7)","decl":{"start":{"line":36,"column":24},"end":{"line":36,"column":25}},"loc":{"start":{"line":36,"column":45},"end":{"line":52,"column":3}},"line":36},"8":{"name":"handleLetterDensityDisplay","decl":{"start":{"line":58,"column":16},"end":{"line":58,"column":42}},"loc":{"start":{"line":58,"column":151},"end":{"line":79,"column":1}},"line":58},"9":{"name":"(anonymous_9)","decl":{"start":{"line":59,"column":21},"end":{"line":59,"column":22}},"loc":{"start":{"line":59,"column":34},"end":{"line":78,"column":3}},"line":59},"10":{"name":"(anonymous_10)","decl":{"start":{"line":64,"column":15},"end":{"line":64,"column":16}},"loc":{"start":{"line":64,"column":21},"end":{"line":77,"column":5}},"line":64}},"branchMap":{"0":{"loc":{"start":{"line":2,"column":9},"end":{"line":2,"column":63}},"type":"cond-expr","locations":[{"start":{"line":2,"column":19},"end":{"line":2,"column":49}},{"start":{"line":2,"column":52},"end":{"line":2,"column":63}}],"line":2},"1":{"loc":{"start":{"line":7,"column":9},"end":{"line":7,"column":33}},"type":"cond-expr","locations":[{"start":{"line":7,"column":17},"end":{"line":7,"column":29}},{"start":{"line":7,"column":32},"end":{"line":7,"column":33}}],"line":7},"2":{"loc":{"start":{"line":12,"column":9},"end":{"line":12,"column":41}},"type":"cond-expr","locations":[{"start":{"line":12,"column":21},"end":{"line":12,"column":37}},{"start":{"line":12,"column":40},"end":{"line":12,"column":41}}],"line":12},"3":{"loc":{"start":{"line":19,"column":18},"end":{"line":19,"column":33}},"type":"binary-expr","locations":[{"start":{"line":19,"column":18},"end":{"line":19,"column":28}},{"start":{"line":19,"column":32},"end":{"line":19,"column":33}}],"line":19},"4":{"loc":{"start":{"line":34,"column":24},"end":{"line":34,"column":68}},"type":"cond-expr","locations":[{"start":{"line":34,"column":41},"end":{"line":34,"column":47}},{"start":{"line":34,"column":50},"end":{"line":34,"column":68}}],"line":34},"5":{"loc":{"start":{"line":37,"column":23},"end":{"line":37,"column":73}},"type":"cond-expr","locations":[{"start":{"line":37,"column":35},"end":{"line":37,"column":69}},{"start":{"line":37,"column":72},"end":{"line":37,"column":73}}],"line":37},"6":{"loc":{"start":{"line":54,"column":42},"end":{"line":54,"column":78}},"type":"cond-expr","locations":[{"start":{"line":54,"column":62},"end":{"line":54,"column":69}},{"start":{"line":54,"column":72},"end":{"line":54,"column":78}}],"line":54},"7":{"loc":{"start":{"line":55,"column":26},"end":{"line":55,"column":58}},"type":"cond-expr","locations":[{"start":{"line":55,"column":41},"end":{"line":55,"column":48}},{"start":{"line":55,"column":51},"end":{"line":55,"column":58}}],"line":55},"8":{"loc":{"start":{"line":58,"column":130},"end":{"line":58,"column":149}},"type":"default-arg","locations":[{"start":{"line":58,"column":146},"end":{"line":58,"column":149}}],"line":58},"9":{"loc":{"start":{"line":67,"column":6},"end":{"line":75,"column":7}},"type":"if","locations":[{"start":{"line":67,"column":6},"end":{"line":75,"column":7}},{"start":{"line":71,"column":13},"end":{"line":75,"column":7}}],"line":67}},"s":{"0":6,"1":10,"2":10,"3":4,"4":4,"5":9,"6":9,"7":9,"8":44,"9":9,"10":5,"11":5,"12":5,"13":5,"14":5,"15":17,"16":5,"17":5,"18":17,"19":17,"20":17,"21":17,"22":17,"23":5,"24":5,"25":3,"26":3,"27":3,"28":3,"29":3,"30":3,"31":3,"32":1,"33":1,"34":1,"35":2,"36":2,"37":2,"38":3},"f":{"0":6,"1":10,"2":4,"3":9,"4":5,"5":5,"6":17,"7":17,"8":3,"9":3,"10":3},"b":{"0":[3,3],"1":[8,2],"2":[2,2],"3":[44,26],"4":[1,4],"5":[17,0],"6":[1,4],"7":[0,5],"8":[2],"9":[1,2]},"_coverageSchema":"1a1c01bbd47fc00a2c39e90264f33305004495a9","hash":"900be20be95f63e64e87487429c7a623ae016171"}
}
