TN:
SF:js\functions.js
FN:1,getCharCount
FN:5,getWordCount
FN:10,getSentenceCount
FN:15,getLetterFrequencies
FN:24,estimateReadingTime
FN:29,updateLetterDensity
FN:33,(anonymous_6)
FN:36,(anonymous_7)
FN:58,handleLetterDensityDisplay
FN:59,(anonymous_9)
FN:64,(anonymous_10)
FNF:11
FNH:11
FNDA:6,getCharCount
FNDA:10,getWordCount
FNDA:4,getSentenceCount
FNDA:9,getLetterFrequencies
FNDA:5,estimateReadingTime
FNDA:5,updateLetterDensity
FNDA:17,(anonymous_6)
FNDA:17,(anonymous_7)
FNDA:3,handleLetterDensityDisplay
FNDA:3,(anonymous_9)
FNDA:3,(anonymous_10)
DA:2,6
DA:6,10
DA:7,10
DA:11,4
DA:12,4
DA:16,9
DA:17,9
DA:18,9
DA:19,44
DA:21,9
DA:25,5
DA:26,5
DA:30,5
DA:31,5
DA:33,17
DA:34,5
DA:36,5
DA:37,17
DA:38,17
DA:39,17
DA:40,17
DA:51,17
DA:54,5
DA:55,5
DA:59,3
DA:60,3
DA:61,3
DA:62,3
DA:64,3
DA:65,3
DA:67,3
DA:68,1
DA:69,1
DA:70,1
DA:72,2
DA:73,2
DA:74,2
DA:76,3
LF:38
LH:38
BRDA:2,0,0,3
BRDA:2,0,1,3
BRDA:7,1,0,8
BRDA:7,1,1,2
BRDA:12,2,0,2
BRDA:12,2,1,2
BRDA:19,3,0,44
BRDA:19,3,1,26
BRDA:34,4,0,1
BRDA:34,4,1,4
BRDA:37,5,0,17
BRDA:37,5,1,0
BRDA:54,6,0,1
BRDA:54,6,1,4
BRDA:55,7,0,0
BRDA:55,7,1,5
BRDA:58,8,0,2
BRDA:67,9,0,1
BRDA:67,9,1,2
BRF:19
BRH:17
end_of_record
